2016-12-02 18:23:44,951 INFO n.s.j.d.a.ConfigManager [main] Loading global configuration
2016-12-02 18:23:44,959 INFO n.s.j.d.a.ConfigManager [main] Loading artefact configuration: jniinchi-1.03_1
2016-12-02 18:23:44,963 INFO n.s.j.d.r.ClasspathRepository [main] Searching classpath for: jniinchi-1.03_1-LINUX-AMD64
2016-12-02 18:23:44,966 INFO n.s.j.d.r.LocalRepository [main] Searching local repository for: jniinchi-1.03_1-LINUX-AMD64
2016-12-02 18:23:44,973 INFO n.s.j.d.a.ManifestReader [main] Reading manifest
2016-12-02 18:23:44,977 INFO n.s.j.d.NativeArtefactLocator [main] Artefact (jniinchi-1.03_1-LINUX-AMD64) location: /home/clement/.jnati/repo/jniinchi/1.03_1/LINUX-AMD64
2016-12-02 18:25:15,510 INFO n.s.j.d.a.ConfigManager [main] Loading global configuration
2016-12-02 18:25:15,517 INFO n.s.j.d.a.ConfigManager [main] Loading artefact configuration: jniinchi-1.03_1
2016-12-02 18:25:15,520 INFO n.s.j.d.r.ClasspathRepository [main] Searching classpath for: jniinchi-1.03_1-LINUX-AMD64
2016-12-02 18:25:15,522 INFO n.s.j.d.r.LocalRepository [main] Searching local repository for: jniinchi-1.03_1-LINUX-AMD64
2016-12-02 18:25:15,523 INFO n.s.j.d.a.ManifestReader [main] Reading manifest
2016-12-02 18:25:15,526 INFO n.s.j.d.NativeArtefactLocator [main] Artefact (jniinchi-1.03_1-LINUX-AMD64) location: /home/clement/.jnati/repo/jniinchi/1.03_1/LINUX-AMD64
2016-12-02 18:26:11,353 INFO n.s.j.d.a.ConfigManager [main] Loading global configuration
2016-12-02 18:26:11,393 INFO n.s.j.d.a.ConfigManager [main] Loading artefact configuration: jniinchi-1.03_1
2016-12-02 18:26:11,399 INFO n.s.j.d.r.ClasspathRepository [main] Searching classpath for: jniinchi-1.03_1-LINUX-AMD64
2016-12-02 18:26:11,402 INFO n.s.j.d.r.LocalRepository [main] Searching local repository for: jniinchi-1.03_1-LINUX-AMD64
2016-12-02 18:26:11,405 INFO n.s.j.d.a.ManifestReader [main] Reading manifest
2016-12-02 18:26:11,409 INFO n.s.j.d.NativeArtefactLocator [main] Artefact (jniinchi-1.03_1-LINUX-AMD64) location: /home/clement/.jnati/repo/jniinchi/1.03_1/LINUX-AMD64
2016-12-02 18:30:03,599 INFO n.s.j.d.a.ConfigManager [main] Loading global configuration
2016-12-02 18:30:03,661 INFO n.s.j.d.a.ConfigManager [main] Loading artefact configuration: jniinchi-1.03_1
2016-12-02 18:30:03,668 INFO n.s.j.d.r.ClasspathRepository [main] Searching classpath for: jniinchi-1.03_1-LINUX-AMD64
2016-12-02 18:30:03,672 INFO n.s.j.d.r.LocalRepository [main] Searching local repository for: jniinchi-1.03_1-LINUX-AMD64
2016-12-02 18:30:03,733 INFO n.s.j.d.a.ManifestReader [main] Reading manifest
2016-12-02 18:30:03,740 INFO n.s.j.d.NativeArtefactLocator [main] Artefact (jniinchi-1.03_1-LINUX-AMD64) location: /home/clement/.jnati/repo/jniinchi/1.03_1/LINUX-AMD64
2016-12-05 18:24:46,074 INFO n.s.j.d.a.ConfigManager [main] Loading global configuration
2016-12-05 18:24:46,082 INFO n.s.j.d.a.ConfigManager [main] Loading artefact configuration: jniinchi-1.03_1
2016-12-05 18:24:46,086 INFO n.s.j.d.r.ClasspathRepository [main] Searching classpath for: jniinchi-1.03_1-LINUX-AMD64
2016-12-05 18:24:46,087 INFO n.s.j.d.r.LocalRepository [main] Searching local repository for: jniinchi-1.03_1-LINUX-AMD64
2016-12-05 18:24:46,093 INFO n.s.j.d.a.ManifestReader [main] Reading manifest
2016-12-05 18:24:46,096 INFO n.s.j.d.NativeArtefactLocator [main] Artefact (jniinchi-1.03_1-LINUX-AMD64) location: /home/clement/.jnati/repo/jniinchi/1.03_1/LINUX-AMD64
2016-12-05 18:40:46,970 INFO n.s.j.d.a.ConfigManager [main] Loading global configuration
2016-12-05 18:40:46,975 INFO n.s.j.d.a.ConfigManager [main] Loading artefact configuration: jniinchi-1.03_1
2016-12-05 18:40:46,977 INFO n.s.j.d.r.ClasspathRepository [main] Searching classpath for: jniinchi-1.03_1-LINUX-AMD64
2016-12-05 18:40:46,979 INFO n.s.j.d.r.LocalRepository [main] Searching local repository for: jniinchi-1.03_1-LINUX-AMD64
2016-12-05 18:40:46,982 INFO n.s.j.d.a.ManifestReader [main] Reading manifest
2016-12-05 18:40:46,985 INFO n.s.j.d.NativeArtefactLocator [main] Artefact (jniinchi-1.03_1-LINUX-AMD64) location: /home/clement/.jnati/repo/jniinchi/1.03_1/LINUX-AMD64
2016-12-05 18:47:48,534 INFO n.s.j.d.a.ConfigManager [main] Loading global configuration
2016-12-05 18:47:48,546 INFO n.s.j.d.a.ConfigManager [main] Loading artefact configuration: jniinchi-1.03_1
2016-12-05 18:47:48,551 INFO n.s.j.d.r.ClasspathRepository [main] Searching classpath for: jniinchi-1.03_1-LINUX-AMD64
2016-12-05 18:47:48,553 INFO n.s.j.d.r.LocalRepository [main] Searching local repository for: jniinchi-1.03_1-LINUX-AMD64
2016-12-05 18:47:48,555 INFO n.s.j.d.a.ManifestReader [main] Reading manifest
2016-12-05 18:47:48,559 INFO n.s.j.d.NativeArtefactLocator [main] Artefact (jniinchi-1.03_1-LINUX-AMD64) location: /home/clement/.jnati/repo/jniinchi/1.03_1/LINUX-AMD64
2016-12-05 18:55:52,000 INFO n.s.j.d.a.ConfigManager [main] Loading global configuration
2016-12-05 18:55:52,016 INFO n.s.j.d.a.ConfigManager [main] Loading artefact configuration: jniinchi-1.03_1
2016-12-05 18:55:52,023 INFO n.s.j.d.r.ClasspathRepository [main] Searching classpath for: jniinchi-1.03_1-LINUX-AMD64
2016-12-05 18:55:52,027 INFO n.s.j.d.r.LocalRepository [main] Searching local repository for: jniinchi-1.03_1-LINUX-AMD64
2016-12-05 18:55:52,051 INFO n.s.j.d.a.ManifestReader [main] Reading manifest
2016-12-05 18:55:52,060 INFO n.s.j.d.NativeArtefactLocator [main] Artefact (jniinchi-1.03_1-LINUX-AMD64) location: /home/clement/.jnati/repo/jniinchi/1.03_1/LINUX-AMD64
2016-12-06 14:09:20,574 INFO n.s.j.d.a.ConfigManager [main] Loading global configuration
2016-12-06 14:09:20,587 INFO n.s.j.d.a.ConfigManager [main] Loading artefact configuration: jniinchi-1.03_1
2016-12-06 14:09:20,594 INFO n.s.j.d.r.ClasspathRepository [main] Searching classpath for: jniinchi-1.03_1-LINUX-AMD64
2016-12-06 14:09:20,598 INFO n.s.j.d.r.LocalRepository [main] Searching local repository for: jniinchi-1.03_1-LINUX-AMD64
2016-12-06 14:09:20,608 INFO n.s.j.d.a.ManifestReader [main] Reading manifest
2016-12-06 14:09:20,617 INFO n.s.j.d.NativeArtefactLocator [main] Artefact (jniinchi-1.03_1-LINUX-AMD64) location: /home/clement/.jnati/repo/jniinchi/1.03_1/LINUX-AMD64
2016-12-06 14:16:30,977 INFO n.s.j.d.a.ConfigManager [main] Loading global configuration
2016-12-06 14:16:31,017 INFO n.s.j.d.a.ConfigManager [main] Loading artefact configuration: jniinchi-1.03_1
2016-12-06 14:16:31,025 INFO n.s.j.d.r.ClasspathRepository [main] Searching classpath for: jniinchi-1.03_1-LINUX-AMD64
2016-12-06 14:16:31,029 INFO n.s.j.d.r.LocalRepository [main] Searching local repository for: jniinchi-1.03_1-LINUX-AMD64
2016-12-06 14:16:31,032 INFO n.s.j.d.a.ManifestReader [main] Reading manifest
2016-12-06 14:16:31,045 INFO n.s.j.d.NativeArtefactLocator [main] Artefact (jniinchi-1.03_1-LINUX-AMD64) location: /home/clement/.jnati/repo/jniinchi/1.03_1/LINUX-AMD64
2016-12-06 14:32:56,819 INFO n.s.j.d.a.ConfigManager [main] Loading global configuration
2016-12-06 14:32:56,829 INFO n.s.j.d.a.ConfigManager [main] Loading artefact configuration: jniinchi-1.03_1
2016-12-06 14:32:56,837 INFO n.s.j.d.r.ClasspathRepository [main] Searching classpath for: jniinchi-1.03_1-LINUX-AMD64
2016-12-06 14:32:56,841 INFO n.s.j.d.r.LocalRepository [main] Searching local repository for: jniinchi-1.03_1-LINUX-AMD64
2016-12-06 14:32:56,850 INFO n.s.j.d.a.ManifestReader [main] Reading manifest
2016-12-06 14:32:56,858 INFO n.s.j.d.NativeArtefactLocator [main] Artefact (jniinchi-1.03_1-LINUX-AMD64) location: /home/clement/.jnati/repo/jniinchi/1.03_1/LINUX-AMD64
